2021-01-22 11:25:13,235       [6] DEBUG PayPal.Api.PayPalResource [(null)] Content-Type:application/x-www-form-urlencoded
2021-01-22 11:25:13,262       [6] DEBUG PayPal.Api.PayPalResource [(null)] User-Agent:PayPalSDK/PayPal-NET-SDK 1.9.1 (lang=DOTNET;v=4.5.1;clr=4.0.30319.42000;bit=64;os=Microsoft Windows NT 10.0.19042.0)
2021-01-22 11:25:13,264       [6] DEBUG PayPal.Api.PayPalResource [(null)] Authorization:Basic QWNCMEdRWjRoazVGSEJ5YjExd1VrZ3dLQWtabzZKbnpZOTVjZXZCYVFDREJZdUxJVWhibmZNdi1CVF9WU3lXVWUwYjV2VktzczJIeC10X3E6RU1lQjh3dnhRUURzOFY4VWlhU3hzUkJGQm5jMDN3SnlRaTA0bTZVQmJWemk4X2l1Q0M3M2hnS3BnV2pTZFNXQnVXVjBRdW1CUWdtZnA5TW4=
2021-01-22 11:25:13,264       [6] DEBUG PayPal.Api.PayPalResource [(null)] PayPal-Request-Id:d212eaf6-e904-4968-9670-c1df282314d7
2021-01-22 11:25:13,586       [6] DEBUG PayPal.Api.HttpConnection [(null)] grant_type=client_credentials
2021-01-22 11:25:14,927       [6] DEBUG PayPal.Api.HttpConnection [(null)] Service response: 
2021-01-22 11:25:14,927       [6] DEBUG PayPal.Api.HttpConnection [(null)] {"scope":"https://uri.paypal.com/services/invoicing https://uri.paypal.com/services/vault/payment-tokens/read https://uri.paypal.com/services/disputes/read-buyer https://uri.paypal.com/services/payments/realtimepayment https://uri.paypal.com/services/disputes/update-seller https://uri.paypal.com/services/paypalhere https://uri.paypal.com/services/payments/payment/authcapture openid https://uri.paypal.com/services/disputes/read-seller Braintree:Vault https://uri.paypal.com/services/payments/refund https://uri.paypal.com/services/identity/activities https://api.paypal.com/v1/vault/credit-card https://api.paypal.com/v1/payments/.* https://uri.paypal.com/payments/payouts https://uri.paypal.com/services/vault/payment-tokens/readwrite https://api.paypal.com/v1/vault/credit-card/.* https://uri.paypal.com/services/subscriptions https://uri.paypal.com/services/applications/webhooks https://api.paypal.com/v1/payments/refund https://api.paypal.com/v1/payments/sale/.*/refund","access_token":"A21AAImED_ynGGpoiGd4FjeE-fK-WEAhoTlQ7-XBZXaQFh7r_bDDGylbv6-AtsKvezFDzDHSWVkXI9OfI_c-jDlqC4vil5ufA","token_type":"Bearer","app_id":"APP-80W284485P519543T","expires_in":32400,"nonce":"2021-01-22T09:25:13ZKXsecKgTBB37I8n-pWzFs1Uw5M1-joP2yrOIykca24A"}
2021-01-22 11:26:11,181       [6] DEBUG PayPal.Api.PayPalResource [(null)] Content-Type:application/json
2021-01-22 11:26:11,182       [6] DEBUG PayPal.Api.PayPalResource [(null)] User-Agent:PayPalSDK/PayPal-NET-SDK 1.9.1 (lang=DOTNET;v=4.5.1;clr=4.0.30319.42000;bit=64;os=Microsoft Windows NT 10.0.19042.0)
2021-01-22 11:26:11,182       [6] DEBUG PayPal.Api.PayPalResource [(null)] Authorization:Bearer A21AAImED_ynGGpoiGd4FjeE-fK-WEAhoTlQ7-XBZXaQFh7r_bDDGylbv6-AtsKvezFDzDHSWVkXI9OfI_c-jDlqC4vil5ufA
2021-01-22 11:26:11,182       [6] DEBUG PayPal.Api.PayPalResource [(null)] PayPal-Request-Id:da634a13-9144-41a3-919b-e9eb43fad124
2021-01-22 11:26:11,183       [6] DEBUG PayPal.Api.HttpConnection [(null)] {"intent":"sale","payer":{"payment_method":"paypal"},"transactions":[{"amount":{"currency":"USD","total":"5","details":{"subtotal":"3","shipping":"1","tax":"1"}},"description":"Transaction description","invoice_number":"your generated invoice number","item_list":{"items":[{"sku":"sku","name":"Batman","quantity":"1","price":"3","currency":"USD"}]}}],"redirect_urls":{"return_url":"https://localhost:44326/Payment/PaymentWithPayPal?guid=47316","cancel_url":"https://localhost:44326/Payment/PaymentWithPayPal?guid=47316&Cancel=true"}}
2021-01-22 11:26:12,182       [6] DEBUG PayPal.Api.HttpConnection [(null)] Service response: 
2021-01-22 11:26:12,183       [6] DEBUG PayPal.Api.HttpConnection [(null)] {"id":"PAYID-MAFJUMY00M94629FX135710C","intent":"sale","state":"created","payer":{"payment_method":"paypal"},"transactions":[{"amount":{"total":"5.00","currency":"USD","details":{"subtotal":"3.00","tax":"1.00","shipping":"1.00"}},"description":"Transaction description","invoice_number":"your generated invoice number","item_list":{"items":[{"name":"Batman","sku":"sku","price":"3.00","currency":"USD","quantity":1}]},"related_resources":[]}],"create_time":"2021-01-22T09:26:10Z","links":[{"href":"https://api.sandbox.paypal.com/v1/payments/payment/PAYID-MAFJUMY00M94629FX135710C","rel":"self","method":"GET"},{"href":"https://www.sandbox.paypal.com/cgi-bin/webscr?cmd=_express-checkout&token=EC-8V028923LS6947922","rel":"approval_url","method":"REDIRECT"},{"href":"https://api.sandbox.paypal.com/v1/payments/payment/PAYID-MAFJUMY00M94629FX135710C/execute","rel":"execute","method":"POST"}]}
2021-01-22 11:27:09,586       [6] DEBUG PayPal.Api.PayPalResource [(null)] Content-Type:application/x-www-form-urlencoded
2021-01-22 11:27:09,586       [6] DEBUG PayPal.Api.PayPalResource [(null)] User-Agent:PayPalSDK/PayPal-NET-SDK 1.9.1 (lang=DOTNET;v=4.5.1;clr=4.0.30319.42000;bit=64;os=Microsoft Windows NT 10.0.19042.0)
2021-01-22 11:27:09,586       [6] DEBUG PayPal.Api.PayPalResource [(null)] Authorization:Basic QWNCMEdRWjRoazVGSEJ5YjExd1VrZ3dLQWtabzZKbnpZOTVjZXZCYVFDREJZdUxJVWhibmZNdi1CVF9WU3lXVWUwYjV2VktzczJIeC10X3E6RU1lQjh3dnhRUURzOFY4VWlhU3hzUkJGQm5jMDN3SnlRaTA0bTZVQmJWemk4X2l1Q0M3M2hnS3BnV2pTZFNXQnVXVjBRdW1CUWdtZnA5TW4=
2021-01-22 11:27:09,587       [6] DEBUG PayPal.Api.PayPalResource [(null)] PayPal-Request-Id:2b1c6d3a-336f-44f9-a89c-1387d8c2e713
2021-01-22 11:27:09,587       [6] DEBUG PayPal.Api.HttpConnection [(null)] grant_type=client_credentials
2021-01-22 11:27:10,068       [6] DEBUG PayPal.Api.HttpConnection [(null)] Service response: 
2021-01-22 11:27:10,068       [6] DEBUG PayPal.Api.HttpConnection [(null)] {"scope":"https://uri.paypal.com/services/invoicing https://uri.paypal.com/services/vault/payment-tokens/read https://uri.paypal.com/services/disputes/read-buyer https://uri.paypal.com/services/payments/realtimepayment https://uri.paypal.com/services/disputes/update-seller https://uri.paypal.com/services/paypalhere https://uri.paypal.com/services/payments/payment/authcapture openid https://uri.paypal.com/services/disputes/read-seller Braintree:Vault https://uri.paypal.com/services/payments/refund https://uri.paypal.com/services/identity/activities https://api.paypal.com/v1/vault/credit-card https://api.paypal.com/v1/payments/.* https://uri.paypal.com/payments/payouts https://uri.paypal.com/services/vault/payment-tokens/readwrite https://api.paypal.com/v1/vault/credit-card/.* https://uri.paypal.com/services/subscriptions https://uri.paypal.com/services/applications/webhooks https://api.paypal.com/v1/payments/refund https://api.paypal.com/v1/payments/sale/.*/refund","access_token":"A21AAImED_ynGGpoiGd4FjeE-fK-WEAhoTlQ7-XBZXaQFh7r_bDDGylbv6-AtsKvezFDzDHSWVkXI9OfI_c-jDlqC4vil5ufA","token_type":"Bearer","app_id":"APP-80W284485P519543T","expires_in":32284,"nonce":"2021-01-22T09:25:13ZKXsecKgTBB37I8n-pWzFs1Uw5M1-joP2yrOIykca24A"}
2021-01-22 11:27:25,558       [6] DEBUG PayPal.Api.PayPalResource [(null)] Content-Type:application/json
2021-01-22 11:27:25,559       [6] DEBUG PayPal.Api.PayPalResource [(null)] User-Agent:PayPalSDK/PayPal-NET-SDK 1.9.1 (lang=DOTNET;v=4.5.1;clr=4.0.30319.42000;bit=64;os=Microsoft Windows NT 10.0.19042.0)
2021-01-22 11:27:25,559       [6] DEBUG PayPal.Api.PayPalResource [(null)] Authorization:Bearer A21AAImED_ynGGpoiGd4FjeE-fK-WEAhoTlQ7-XBZXaQFh7r_bDDGylbv6-AtsKvezFDzDHSWVkXI9OfI_c-jDlqC4vil5ufA
2021-01-22 11:27:25,559       [6] DEBUG PayPal.Api.PayPalResource [(null)] PayPal-Request-Id:65e87ee6-3183-4e33-9362-f6bdf1bd2ed4
2021-01-22 11:27:25,559       [6] DEBUG PayPal.Api.HttpConnection [(null)] {"payer_id":"5PLQE3AKGS6X8"}
2021-01-22 11:27:27,508       [6] ERROR PayPal.Api.HttpConnection [(null)] Error response:
2021-01-22 11:27:27,508       [6] ERROR PayPal.Api.HttpConnection [(null)] {"name":"DUPLICATE_TRANSACTION","message":"Duplicate invoice Id detected.","information_link":"https://developer.paypal.com/docs/api/payments/#errors","debug_id":"5177c9a05127c"}
2021-01-22 11:27:27,508       [6] ERROR PayPal.Api.HttpConnection [(null)] Le serveur distant a retourné une erreur : (400) Demande incorrecte.
2021-01-22 11:27:27,515       [6] ERROR PayPal.PayPalException [(null)] Payments Exception: 
   Error:    DUPLICATE_TRANSACTION
   Message:  Duplicate invoice Id detected.
   URI:      https://developer.paypal.com/docs/api/payments/#errors
   Debug ID: 5177c9a05127c

2021-01-22 11:52:20,560       [6] DEBUG PayPal.Api.PayPalResource [(null)] Content-Type:application/x-www-form-urlencoded
2021-01-22 11:52:20,589       [6] DEBUG PayPal.Api.PayPalResource [(null)] User-Agent:PayPalSDK/PayPal-NET-SDK 1.9.1 (lang=DOTNET;v=4.5.1;clr=4.0.30319.42000;bit=64;os=Microsoft Windows NT 10.0.19042.0)
2021-01-22 11:52:20,589       [6] DEBUG PayPal.Api.PayPalResource [(null)] Authorization:Basic QWNCMEdRWjRoazVGSEJ5YjExd1VrZ3dLQWtabzZKbnpZOTVjZXZCYVFDREJZdUxJVWhibmZNdi1CVF9WU3lXVWUwYjV2VktzczJIeC10X3E6RU1lQjh3dnhRUURzOFY4VWlhU3hzUkJGQm5jMDN3SnlRaTA0bTZVQmJWemk4X2l1Q0M3M2hnS3BnV2pTZFNXQnVXVjBRdW1CUWdtZnA5TW4=
2021-01-22 11:52:20,589       [6] DEBUG PayPal.Api.PayPalResource [(null)] PayPal-Request-Id:9b76c065-bcee-4c97-bfe2-351b6e2753d6
2021-01-22 11:52:20,936       [6] DEBUG PayPal.Api.HttpConnection [(null)] grant_type=client_credentials
2021-01-22 11:52:21,921       [6] DEBUG PayPal.Api.HttpConnection [(null)] Service response: 
2021-01-22 11:52:21,921       [6] DEBUG PayPal.Api.HttpConnection [(null)] {"scope":"https://uri.paypal.com/services/invoicing https://uri.paypal.com/services/vault/payment-tokens/read https://uri.paypal.com/services/disputes/read-buyer https://uri.paypal.com/services/payments/realtimepayment https://uri.paypal.com/services/disputes/update-seller https://uri.paypal.com/services/paypalhere https://uri.paypal.com/services/payments/payment/authcapture openid https://uri.paypal.com/services/disputes/read-seller Braintree:Vault https://uri.paypal.com/services/payments/refund https://uri.paypal.com/services/identity/activities https://api.paypal.com/v1/vault/credit-card https://api.paypal.com/v1/payments/.* https://uri.paypal.com/payments/payouts https://uri.paypal.com/services/vault/payment-tokens/readwrite https://api.paypal.com/v1/vault/credit-card/.* https://uri.paypal.com/services/subscriptions https://uri.paypal.com/services/applications/webhooks https://api.paypal.com/v1/payments/refund https://api.paypal.com/v1/payments/sale/.*/refund","access_token":"A21AAImED_ynGGpoiGd4FjeE-fK-WEAhoTlQ7-XBZXaQFh7r_bDDGylbv6-AtsKvezFDzDHSWVkXI9OfI_c-jDlqC4vil5ufA","token_type":"Bearer","app_id":"APP-80W284485P519543T","expires_in":30773,"nonce":"2021-01-22T09:25:13ZKXsecKgTBB37I8n-pWzFs1Uw5M1-joP2yrOIykca24A"}
2021-01-22 11:52:30,846       [6] DEBUG PayPal.Api.PayPalResource [(null)] Content-Type:application/json
2021-01-22 11:52:30,847       [6] DEBUG PayPal.Api.PayPalResource [(null)] User-Agent:PayPalSDK/PayPal-NET-SDK 1.9.1 (lang=DOTNET;v=4.5.1;clr=4.0.30319.42000;bit=64;os=Microsoft Windows NT 10.0.19042.0)
2021-01-22 11:52:30,847       [6] DEBUG PayPal.Api.PayPalResource [(null)] Authorization:Bearer A21AAImED_ynGGpoiGd4FjeE-fK-WEAhoTlQ7-XBZXaQFh7r_bDDGylbv6-AtsKvezFDzDHSWVkXI9OfI_c-jDlqC4vil5ufA
2021-01-22 11:52:30,847       [6] DEBUG PayPal.Api.PayPalResource [(null)] PayPal-Request-Id:95beb806-0c5e-4fc3-84c0-c513b3a4f94f
2021-01-22 11:52:30,848       [6] DEBUG PayPal.Api.HttpConnection [(null)] {"intent":"sale","payer":{"payment_method":"paypal"},"transactions":[{"amount":{"currency":"USD","total":"5","details":{"subtotal":"3","shipping":"1","tax":"1"}},"description":"Transaction description","invoice_number":"your generated invoice number","item_list":{"items":[{"sku":"sku","name":"Batman","quantity":"1","price":"3","currency":"USD"}]}}],"redirect_urls":{"return_url":"https://localhost:44326/Payment/PaymentWithPayPal?guid=29572","cancel_url":"https://localhost:44326/Payment/PaymentWithPayPal?guid=29572&Cancel=true"}}
2021-01-22 11:52:31,918       [6] DEBUG PayPal.Api.HttpConnection [(null)] Service response: 
2021-01-22 11:52:31,918       [6] DEBUG PayPal.Api.HttpConnection [(null)] {"id":"PAYID-MAFKAXQ04B093915P707413C","intent":"sale","state":"created","payer":{"payment_method":"paypal"},"transactions":[{"amount":{"total":"5.00","currency":"USD","details":{"subtotal":"3.00","tax":"1.00","shipping":"1.00"}},"description":"Transaction description","invoice_number":"your generated invoice number","item_list":{"items":[{"name":"Batman","sku":"sku","price":"3.00","currency":"USD","quantity":1}]},"related_resources":[]}],"create_time":"2021-01-22T09:52:30Z","links":[{"href":"https://api.sandbox.paypal.com/v1/payments/payment/PAYID-MAFKAXQ04B093915P707413C","rel":"self","method":"GET"},{"href":"https://www.sandbox.paypal.com/cgi-bin/webscr?cmd=_express-checkout&token=EC-4VG01292E08181527","rel":"approval_url","method":"REDIRECT"},{"href":"https://api.sandbox.paypal.com/v1/payments/payment/PAYID-MAFKAXQ04B093915P707413C/execute","rel":"execute","method":"POST"}]}
2021-01-22 11:54:38,080       [7] DEBUG PayPal.Api.PayPalResource [(null)] Content-Type:application/x-www-form-urlencoded
2021-01-22 11:54:38,081       [7] DEBUG PayPal.Api.PayPalResource [(null)] User-Agent:PayPalSDK/PayPal-NET-SDK 1.9.1 (lang=DOTNET;v=4.5.1;clr=4.0.30319.42000;bit=64;os=Microsoft Windows NT 10.0.19042.0)
2021-01-22 11:54:38,081       [7] DEBUG PayPal.Api.PayPalResource [(null)] Authorization:Basic QWNCMEdRWjRoazVGSEJ5YjExd1VrZ3dLQWtabzZKbnpZOTVjZXZCYVFDREJZdUxJVWhibmZNdi1CVF9WU3lXVWUwYjV2VktzczJIeC10X3E6RU1lQjh3dnhRUURzOFY4VWlhU3hzUkJGQm5jMDN3SnlRaTA0bTZVQmJWemk4X2l1Q0M3M2hnS3BnV2pTZFNXQnVXVjBRdW1CUWdtZnA5TW4=
2021-01-22 11:54:38,081       [7] DEBUG PayPal.Api.PayPalResource [(null)] PayPal-Request-Id:f21771d5-52ca-4ac8-ac1c-58ac5c669feb
2021-01-22 11:54:38,418       [7] DEBUG PayPal.Api.HttpConnection [(null)] grant_type=client_credentials
2021-01-22 11:54:39,397       [7] DEBUG PayPal.Api.HttpConnection [(null)] Service response: 
2021-01-22 11:54:39,397       [7] DEBUG PayPal.Api.HttpConnection [(null)] {"scope":"https://uri.paypal.com/services/invoicing https://uri.paypal.com/services/vault/payment-tokens/read https://uri.paypal.com/services/disputes/read-buyer https://uri.paypal.com/services/payments/realtimepayment https://uri.paypal.com/services/disputes/update-seller https://uri.paypal.com/services/paypalhere https://uri.paypal.com/services/payments/payment/authcapture openid https://uri.paypal.com/services/disputes/read-seller Braintree:Vault https://uri.paypal.com/services/payments/refund https://uri.paypal.com/services/identity/activities https://api.paypal.com/v1/vault/credit-card https://api.paypal.com/v1/payments/.* https://uri.paypal.com/payments/payouts https://uri.paypal.com/services/vault/payment-tokens/readwrite https://api.paypal.com/v1/vault/credit-card/.* https://uri.paypal.com/services/subscriptions https://uri.paypal.com/services/applications/webhooks https://api.paypal.com/v1/payments/refund https://api.paypal.com/v1/payments/sale/.*/refund","access_token":"A21AAImED_ynGGpoiGd4FjeE-fK-WEAhoTlQ7-XBZXaQFh7r_bDDGylbv6-AtsKvezFDzDHSWVkXI9OfI_c-jDlqC4vil5ufA","token_type":"Bearer","app_id":"APP-80W284485P519543T","expires_in":30635,"nonce":"2021-01-22T09:25:13ZKXsecKgTBB37I8n-pWzFs1Uw5M1-joP2yrOIykca24A"}
2021-01-22 11:54:49,746       [7] DEBUG PayPal.Api.PayPalResource [(null)] Content-Type:application/json
2021-01-22 11:54:49,747       [7] DEBUG PayPal.Api.PayPalResource [(null)] User-Agent:PayPalSDK/PayPal-NET-SDK 1.9.1 (lang=DOTNET;v=4.5.1;clr=4.0.30319.42000;bit=64;os=Microsoft Windows NT 10.0.19042.0)
2021-01-22 11:54:49,747       [7] DEBUG PayPal.Api.PayPalResource [(null)] Authorization:Bearer A21AAImED_ynGGpoiGd4FjeE-fK-WEAhoTlQ7-XBZXaQFh7r_bDDGylbv6-AtsKvezFDzDHSWVkXI9OfI_c-jDlqC4vil5ufA
2021-01-22 11:54:49,747       [7] DEBUG PayPal.Api.PayPalResource [(null)] PayPal-Request-Id:9e5ceaad-bf11-4e30-b810-95b1f7363563
2021-01-22 11:54:49,748       [7] DEBUG PayPal.Api.HttpConnection [(null)] {"payer_id":"BJ9ECKY28Q6SW"}
2021-01-22 11:54:51,766       [7] ERROR PayPal.Api.HttpConnection [(null)] Error response:
2021-01-22 11:54:51,766       [7] ERROR PayPal.Api.HttpConnection [(null)] {"name":"DUPLICATE_TRANSACTION","message":"Duplicate invoice Id detected.","information_link":"https://developer.paypal.com/docs/api/payments/#errors","debug_id":"22c1f6f507429"}
2021-01-22 11:54:51,767       [7] ERROR PayPal.Api.HttpConnection [(null)] Le serveur distant a retourné une erreur : (400) Demande incorrecte.
2021-01-22 11:54:51,773       [7] ERROR PayPal.PayPalException [(null)] Payments Exception: 
   Error:    DUPLICATE_TRANSACTION
   Message:  Duplicate invoice Id detected.
   URI:      https://developer.paypal.com/docs/api/payments/#errors
   Debug ID: 22c1f6f507429

2021-01-22 12:17:57,821       [6] DEBUG PayPal.Api.PayPalResource [(null)] Content-Type:application/x-www-form-urlencoded
2021-01-22 12:17:57,852       [6] DEBUG PayPal.Api.PayPalResource [(null)] User-Agent:PayPalSDK/PayPal-NET-SDK 1.9.1 (lang=DOTNET;v=4.5.1;clr=4.0.30319.42000;bit=64;os=Microsoft Windows NT 10.0.19042.0)
2021-01-22 12:17:57,853       [6] DEBUG PayPal.Api.PayPalResource [(null)] Authorization:Basic QWNCMEdRWjRoazVGSEJ5YjExd1VrZ3dLQWtabzZKbnpZOTVjZXZCYVFDREJZdUxJVWhibmZNdi1CVF9WU3lXVWUwYjV2VktzczJIeC10X3E6RU1lQjh3dnhRUURzOFY4VWlhU3hzUkJGQm5jMDN3SnlRaTA0bTZVQmJWemk4X2l1Q0M3M2hnS3BnV2pTZFNXQnVXVjBRdW1CUWdtZnA5TW4=
2021-01-22 12:17:57,853       [6] DEBUG PayPal.Api.PayPalResource [(null)] PayPal-Request-Id:6dd4cd78-c6f6-4ba6-8ca5-f81feabf8260
2021-01-22 12:17:58,179       [6] DEBUG PayPal.Api.HttpConnection [(null)] grant_type=client_credentials
2021-01-22 12:17:59,576       [6] DEBUG PayPal.Api.HttpConnection [(null)] Service response: 
2021-01-22 12:17:59,577       [6] DEBUG PayPal.Api.HttpConnection [(null)] {"scope":"https://uri.paypal.com/services/invoicing https://uri.paypal.com/services/vault/payment-tokens/read https://uri.paypal.com/services/disputes/read-buyer https://uri.paypal.com/services/payments/realtimepayment https://uri.paypal.com/services/disputes/update-seller https://uri.paypal.com/services/paypalhere https://uri.paypal.com/services/payments/payment/authcapture openid https://uri.paypal.com/services/disputes/read-seller Braintree:Vault https://uri.paypal.com/services/payments/refund https://uri.paypal.com/services/identity/activities https://api.paypal.com/v1/vault/credit-card https://api.paypal.com/v1/payments/.* https://uri.paypal.com/payments/payouts https://uri.paypal.com/services/vault/payment-tokens/readwrite https://api.paypal.com/v1/vault/credit-card/.* https://uri.paypal.com/services/subscriptions https://uri.paypal.com/services/applications/webhooks https://api.paypal.com/v1/payments/refund https://api.paypal.com/v1/payments/sale/.*/refund","access_token":"A21AALks8ackeCJwQY7BbdPaaoIVMc9xOQqq4in5Ck3zGzB2TohkAGFlWmRwjBobIYdHruerZn_LfBLIopETU46SCDhjlQ7Iw","token_type":"Bearer","app_id":"APP-80W284485P519543T","expires_in":32400,"nonce":"2021-01-22T10:17:58ZQmY3iJTlc4cfkc4ORX1Lxn8dP1yIKFeH0yHTcEmlfWw"}
2021-01-22 12:21:10,730       [6] DEBUG PayPal.Api.PayPalResource [(null)] Content-Type:application/x-www-form-urlencoded
2021-01-22 12:21:10,756       [6] DEBUG PayPal.Api.PayPalResource [(null)] User-Agent:PayPalSDK/PayPal-NET-SDK 1.9.1 (lang=DOTNET;v=4.5.1;clr=4.0.30319.42000;bit=64;os=Microsoft Windows NT 10.0.19042.0)
2021-01-22 12:21:10,756       [6] DEBUG PayPal.Api.PayPalResource [(null)] Authorization:Basic QWNCMEdRWjRoazVGSEJ5YjExd1VrZ3dLQWtabzZKbnpZOTVjZXZCYVFDREJZdUxJVWhibmZNdi1CVF9WU3lXVWUwYjV2VktzczJIeC10X3E6RU1lQjh3dnhRUURzOFY4VWlhU3hzUkJGQm5jMDN3SnlRaTA0bTZVQmJWemk4X2l1Q0M3M2hnS3BnV2pTZFNXQnVXVjBRdW1CUWdtZnA5TW4=
2021-01-22 12:21:10,756       [6] DEBUG PayPal.Api.PayPalResource [(null)] PayPal-Request-Id:efb2b189-e8e9-4d8f-96f1-ce7165195a95
2021-01-22 12:21:11,070       [6] DEBUG PayPal.Api.HttpConnection [(null)] grant_type=client_credentials
2021-01-22 12:21:12,010       [6] DEBUG PayPal.Api.HttpConnection [(null)] Service response: 
2021-01-22 12:21:12,011       [6] DEBUG PayPal.Api.HttpConnection [(null)] {"scope":"https://uri.paypal.com/services/invoicing https://uri.paypal.com/services/vault/payment-tokens/read https://uri.paypal.com/services/disputes/read-buyer https://uri.paypal.com/services/payments/realtimepayment https://uri.paypal.com/services/disputes/update-seller https://uri.paypal.com/services/paypalhere https://uri.paypal.com/services/payments/payment/authcapture openid https://uri.paypal.com/services/disputes/read-seller Braintree:Vault https://uri.paypal.com/services/payments/refund https://uri.paypal.com/services/identity/activities https://api.paypal.com/v1/vault/credit-card https://api.paypal.com/v1/payments/.* https://uri.paypal.com/payments/payouts https://uri.paypal.com/services/vault/payment-tokens/readwrite https://api.paypal.com/v1/vault/credit-card/.* https://uri.paypal.com/services/subscriptions https://uri.paypal.com/services/applications/webhooks https://api.paypal.com/v1/payments/refund https://api.paypal.com/v1/payments/sale/.*/refund","access_token":"A21AALks8ackeCJwQY7BbdPaaoIVMc9xOQqq4in5Ck3zGzB2TohkAGFlWmRwjBobIYdHruerZn_LfBLIopETU46SCDhjlQ7Iw","token_type":"Bearer","app_id":"APP-80W284485P519543T","expires_in":32208,"nonce":"2021-01-22T10:17:58ZQmY3iJTlc4cfkc4ORX1Lxn8dP1yIKFeH0yHTcEmlfWw"}
2021-01-22 12:22:21,103       [6] DEBUG PayPal.Api.PayPalResource [(null)] Content-Type:application/x-www-form-urlencoded
2021-01-22 12:22:21,128       [6] DEBUG PayPal.Api.PayPalResource [(null)] User-Agent:PayPalSDK/PayPal-NET-SDK 1.9.1 (lang=DOTNET;v=4.5.1;clr=4.0.30319.42000;bit=64;os=Microsoft Windows NT 10.0.19042.0)
2021-01-22 12:22:21,129       [6] DEBUG PayPal.Api.PayPalResource [(null)] Authorization:Basic QWNCMEdRWjRoazVGSEJ5YjExd1VrZ3dLQWtabzZKbnpZOTVjZXZCYVFDREJZdUxJVWhibmZNdi1CVF9WU3lXVWUwYjV2VktzczJIeC10X3E6RU1lQjh3dnhRUURzOFY4VWlhU3hzUkJGQm5jMDN3SnlRaTA0bTZVQmJWemk4X2l1Q0M3M2hnS3BnV2pTZFNXQnVXVjBRdW1CUWdtZnA5TW4=
2021-01-22 12:22:21,129       [6] DEBUG PayPal.Api.PayPalResource [(null)] PayPal-Request-Id:45ea508d-5e3a-47e8-9538-da09efba5b67
2021-01-22 12:22:21,439       [6] DEBUG PayPal.Api.HttpConnection [(null)] grant_type=client_credentials
2021-01-22 12:22:22,387       [6] DEBUG PayPal.Api.HttpConnection [(null)] Service response: 
2021-01-22 12:22:22,387       [6] DEBUG PayPal.Api.HttpConnection [(null)] {"scope":"https://uri.paypal.com/services/invoicing https://uri.paypal.com/services/vault/payment-tokens/read https://uri.paypal.com/services/disputes/read-buyer https://uri.paypal.com/services/payments/realtimepayment https://uri.paypal.com/services/disputes/update-seller https://uri.paypal.com/services/paypalhere https://uri.paypal.com/services/payments/payment/authcapture openid https://uri.paypal.com/services/disputes/read-seller Braintree:Vault https://uri.paypal.com/services/payments/refund https://uri.paypal.com/services/identity/activities https://api.paypal.com/v1/vault/credit-card https://api.paypal.com/v1/payments/.* https://uri.paypal.com/payments/payouts https://uri.paypal.com/services/vault/payment-tokens/readwrite https://api.paypal.com/v1/vault/credit-card/.* https://uri.paypal.com/services/subscriptions https://uri.paypal.com/services/applications/webhooks https://api.paypal.com/v1/payments/refund https://api.paypal.com/v1/payments/sale/.*/refund","access_token":"A21AALks8ackeCJwQY7BbdPaaoIVMc9xOQqq4in5Ck3zGzB2TohkAGFlWmRwjBobIYdHruerZn_LfBLIopETU46SCDhjlQ7Iw","token_type":"Bearer","app_id":"APP-80W284485P519543T","expires_in":32137,"nonce":"2021-01-22T10:17:58ZQmY3iJTlc4cfkc4ORX1Lxn8dP1yIKFeH0yHTcEmlfWw"}
2021-01-22 12:24:11,596       [6] DEBUG PayPal.Api.PayPalResource [(null)] Content-Type:application/json
2021-01-22 12:24:11,597       [6] DEBUG PayPal.Api.PayPalResource [(null)] User-Agent:PayPalSDK/PayPal-NET-SDK 1.9.1 (lang=DOTNET;v=4.5.1;clr=4.0.30319.42000;bit=64;os=Microsoft Windows NT 10.0.19042.0)
2021-01-22 12:24:11,597       [6] DEBUG PayPal.Api.PayPalResource [(null)] Authorization:Bearer A21AALks8ackeCJwQY7BbdPaaoIVMc9xOQqq4in5Ck3zGzB2TohkAGFlWmRwjBobIYdHruerZn_LfBLIopETU46SCDhjlQ7Iw
2021-01-22 12:24:11,597       [6] DEBUG PayPal.Api.PayPalResource [(null)] PayPal-Request-Id:65216c63-5ef3-4769-b75f-26ed9b397f2c
2021-01-22 12:24:11,913       [6] DEBUG PayPal.Api.HttpConnection [(null)] {"intent":"sale","payer":{"payment_method":"paypal"},"transactions":[{"amount":{"currency":"USD","total":"5","details":{"subtotal":"3","shipping":"1","tax":"1"}},"description":"Transaction description","invoice_number":"48881","item_list":{"items":[{"sku":"sku","name":"Batman","quantity":"1","price":"3","currency":"USD"}]}}],"redirect_urls":{"return_url":"https://localhost:44326/Payment/PaymentWithPayPal?guid=55418","cancel_url":"https://localhost:44326/Payment/PaymentWithPayPal?guid=55418&Cancel=true"}}
2021-01-22 12:24:13,462       [6] DEBUG PayPal.Api.HttpConnection [(null)] Service response: 
2021-01-22 12:24:13,462       [6] DEBUG PayPal.Api.HttpConnection [(null)] {"id":"PAYID-MAFKPTA4PF52502BC6129421","intent":"sale","state":"created","payer":{"payment_method":"paypal"},"transactions":[{"amount":{"total":"5.00","currency":"USD","details":{"subtotal":"3.00","tax":"1.00","shipping":"1.00"}},"description":"Transaction description","invoice_number":"48881","item_list":{"items":[{"name":"Batman","sku":"sku","price":"3.00","currency":"USD","quantity":1}]},"related_resources":[]}],"create_time":"2021-01-22T10:24:11Z","links":[{"href":"https://api.sandbox.paypal.com/v1/payments/payment/PAYID-MAFKPTA4PF52502BC6129421","rel":"self","method":"GET"},{"href":"https://www.sandbox.paypal.com/cgi-bin/webscr?cmd=_express-checkout&token=EC-4N87741270213104S","rel":"approval_url","method":"REDIRECT"},{"href":"https://api.sandbox.paypal.com/v1/payments/payment/PAYID-MAFKPTA4PF52502BC6129421/execute","rel":"execute","method":"POST"}]}
2021-01-22 12:26:09,063       [6] DEBUG PayPal.Api.PayPalResource [(null)] Content-Type:application/x-www-form-urlencoded
2021-01-22 12:26:09,063       [6] DEBUG PayPal.Api.PayPalResource [(null)] User-Agent:PayPalSDK/PayPal-NET-SDK 1.9.1 (lang=DOTNET;v=4.5.1;clr=4.0.30319.42000;bit=64;os=Microsoft Windows NT 10.0.19042.0)
2021-01-22 12:26:09,064       [6] DEBUG PayPal.Api.PayPalResource [(null)] Authorization:Basic QWNCMEdRWjRoazVGSEJ5YjExd1VrZ3dLQWtabzZKbnpZOTVjZXZCYVFDREJZdUxJVWhibmZNdi1CVF9WU3lXVWUwYjV2VktzczJIeC10X3E6RU1lQjh3dnhRUURzOFY4VWlhU3hzUkJGQm5jMDN3SnlRaTA0bTZVQmJWemk4X2l1Q0M3M2hnS3BnV2pTZFNXQnVXVjBRdW1CUWdtZnA5TW4=
2021-01-22 12:26:09,064       [6] DEBUG PayPal.Api.PayPalResource [(null)] PayPal-Request-Id:0a2f7c3b-082b-43cd-ab66-32d1f05a80c6
2021-01-22 12:26:09,393       [6] DEBUG PayPal.Api.HttpConnection [(null)] grant_type=client_credentials
2021-01-22 12:26:10,387       [6] DEBUG PayPal.Api.HttpConnection [(null)] Service response: 
2021-01-22 12:26:10,387       [6] DEBUG PayPal.Api.HttpConnection [(null)] {"scope":"https://uri.paypal.com/services/invoicing https://uri.paypal.com/services/vault/payment-tokens/read https://uri.paypal.com/services/disputes/read-buyer https://uri.paypal.com/services/payments/realtimepayment https://uri.paypal.com/services/disputes/update-seller https://uri.paypal.com/services/paypalhere https://uri.paypal.com/services/payments/payment/authcapture openid https://uri.paypal.com/services/disputes/read-seller Braintree:Vault https://uri.paypal.com/services/payments/refund https://uri.paypal.com/services/identity/activities https://api.paypal.com/v1/vault/credit-card https://api.paypal.com/v1/payments/.* https://uri.paypal.com/payments/payouts https://uri.paypal.com/services/vault/payment-tokens/readwrite https://api.paypal.com/v1/vault/credit-card/.* https://uri.paypal.com/services/subscriptions https://uri.paypal.com/services/applications/webhooks https://api.paypal.com/v1/payments/refund https://api.paypal.com/v1/payments/sale/.*/refund","access_token":"A21AALks8ackeCJwQY7BbdPaaoIVMc9xOQqq4in5Ck3zGzB2TohkAGFlWmRwjBobIYdHruerZn_LfBLIopETU46SCDhjlQ7Iw","token_type":"Bearer","app_id":"APP-80W284485P519543T","expires_in":31909,"nonce":"2021-01-22T10:17:58ZQmY3iJTlc4cfkc4ORX1Lxn8dP1yIKFeH0yHTcEmlfWw"}
2021-01-22 12:27:32,797       [6] DEBUG PayPal.Api.PayPalResource [(null)] Content-Type:application/json
2021-01-22 12:27:32,800       [6] DEBUG PayPal.Api.PayPalResource [(null)] User-Agent:PayPalSDK/PayPal-NET-SDK 1.9.1 (lang=DOTNET;v=4.5.1;clr=4.0.30319.42000;bit=64;os=Microsoft Windows NT 10.0.19042.0)
2021-01-22 12:27:32,800       [6] DEBUG PayPal.Api.PayPalResource [(null)] Authorization:Bearer A21AALks8ackeCJwQY7BbdPaaoIVMc9xOQqq4in5Ck3zGzB2TohkAGFlWmRwjBobIYdHruerZn_LfBLIopETU46SCDhjlQ7Iw
2021-01-22 12:27:32,801       [6] DEBUG PayPal.Api.PayPalResource [(null)] PayPal-Request-Id:163377cb-fcdd-49b9-8bb9-9a3a5b520d7c
2021-01-22 12:27:33,023       [6] DEBUG PayPal.Api.HttpConnection [(null)] {"payer_id":"BJ9ECKY28Q6SW"}
2021-01-22 12:27:35,910       [6] DEBUG PayPal.Api.HttpConnection [(null)] Service response: 
2021-01-22 12:27:35,910       [6] DEBUG PayPal.Api.HttpConnection [(null)] {"id":"PAYID-MAFKPTA4PF52502BC6129421","intent":"sale","state":"approved","cart":"4N87741270213104S","payer":{"payment_method":"paypal","status":"VERIFIED","payer_info":{"email":"sb-ptsdr4843541@personal.example.com","first_name":"John","last_name":"Doe","payer_id":"BJ9ECKY28Q6SW","shipping_address":{"recipient_name":"John Doe","line1":"\\u05D9\\u05E9\\u05E8\\u05D0\\u05DC\\u05D9\\u05E1 5 \\u05D3\\u05D9\\u05E8\\u05D4 4","city":"\\u05EA\\u05DC-\\u05D0\\u05D1\\u05D9\\u05D1","state":"IL_zip = 61014","postal_code":"61014","country_code":"IL"},"country_code":"IL"}},"transactions":[{"amount":{"total":"5.00","currency":"USD","details":{"subtotal":"3.00","tax":"1.00","shipping":"1.00","insurance":"0.00","handling_fee":"0.00","shipping_discount":"0.00","discount":"0.00"}},"payee":{"merchant_id":"TYDHPATJXM7FW","email":"sb-u5cqp4618711@business.example.com"},"description":"Transaction description","invoice_number":"48881","item_list":{"items":[{"name":"Batman","sku":"sku","price":"3.00","currency":"USD","tax":"0.00","quantity":1}],"shipping_address":{"recipient_name":"John Doe","line1":"\\u05D9\\u05E9\\u05E8\\u05D0\\u05DC\\u05D9\\u05E1 5 \\u05D3\\u05D9\\u05E8\\u05D4 4","city":"\\u05EA\\u05DC-\\u05D0\\u05D1\\u05D9\\u05D1","state":"IL_zip = 61014","postal_code":"61014","country_code":"IL"}},"related_resources":[{"sale":{"id":"6KU70915717203117","state":"completed","amount":{"total":"5.00","currency":"USD","details":{"subtotal":"3.00","tax":"1.00","shipping":"1.00","insurance":"0.00","handling_fee":"0.00","shipping_discount":"0.00","discount":"0.00"}},"payment_mode":"INSTANT_TRANSFER","protection_eligibility":"ELIGIBLE","protection_eligibility_type":"ITEM_NOT_RECEIVED_ELIGIBLE,UNAUTHORIZED_PAYMENT_ELIGIBLE","transaction_fee":{"value":"0.47","currency":"USD"},"receivable_amount":{"value":"5.00","currency":"USD"},"exchange_rate":"0.266575529733424","parent_payment":"PAYID-MAFKPTA4PF52502BC6129421","create_time":"2021-01-22T10:27:34Z","update_time":"2021-01-22T10:27:34Z","links":[{"href":"https://api.sandbox.paypal.com/v1/payments/sale/6KU70915717203117","rel":"self","method":"GET"},{"href":"https://api.sandbox.paypal.com/v1/payments/sale/6KU70915717203117/refund","rel":"refund","method":"POST"},{"href":"https://api.sandbox.paypal.com/v1/payments/payment/PAYID-MAFKPTA4PF52502BC6129421","rel":"parent_payment","method":"GET"}]}}]}],"failed_transactions":[],"create_time":"2021-01-22T10:24:11Z","update_time":"2021-01-22T10:27:34Z","links":[{"href":"https://api.sandbox.paypal.com/v1/payments/payment/PAYID-MAFKPTA4PF52502BC6129421","rel":"self","method":"GET"}]}
2021-01-23 20:11:13,347       [7] DEBUG PayPal.Api.PayPalResource [(null)] Content-Type:application/x-www-form-urlencoded
2021-01-23 20:11:13,381       [7] DEBUG PayPal.Api.PayPalResource [(null)] User-Agent:PayPalSDK/PayPal-NET-SDK 1.9.1 (lang=DOTNET;v=4.5.1;clr=4.0.30319.42000;bit=64;os=Microsoft Windows NT 10.0.19042.0)
2021-01-23 20:11:13,381       [7] DEBUG PayPal.Api.PayPalResource [(null)] Authorization:Basic QWNCMEdRWjRoazVGSEJ5YjExd1VrZ3dLQWtabzZKbnpZOTVjZXZCYVFDREJZdUxJVWhibmZNdi1CVF9WU3lXVWUwYjV2VktzczJIeC10X3E6RU1lQjh3dnhRUURzOFY4VWlhU3hzUkJGQm5jMDN3SnlRaTA0bTZVQmJWemk4X2l1Q0M3M2hnS3BnV2pTZFNXQnVXVjBRdW1CUWdtZnA5TW4=
2021-01-23 20:11:13,381       [7] DEBUG PayPal.Api.PayPalResource [(null)] PayPal-Request-Id:d8ec23f6-4714-4c34-a50a-d44441268f89
2021-01-23 20:11:13,700       [7] DEBUG PayPal.Api.HttpConnection [(null)] grant_type=client_credentials
2021-01-23 20:11:14,924       [7] DEBUG PayPal.Api.HttpConnection [(null)] Service response: 
2021-01-23 20:11:14,924       [7] DEBUG PayPal.Api.HttpConnection [(null)] {"scope":"https://uri.paypal.com/services/invoicing https://uri.paypal.com/services/vault/payment-tokens/read https://uri.paypal.com/services/disputes/read-buyer https://uri.paypal.com/services/payments/realtimepayment https://uri.paypal.com/services/disputes/update-seller https://uri.paypal.com/services/paypalhere https://uri.paypal.com/services/payments/payment/authcapture openid https://uri.paypal.com/services/disputes/read-seller Braintree:Vault https://uri.paypal.com/services/payments/refund https://uri.paypal.com/services/identity/activities https://api.paypal.com/v1/vault/credit-card https://api.paypal.com/v1/payments/.* https://uri.paypal.com/payments/payouts https://uri.paypal.com/services/vault/payment-tokens/readwrite https://api.paypal.com/v1/vault/credit-card/.* https://uri.paypal.com/services/subscriptions https://uri.paypal.com/services/applications/webhooks https://api.paypal.com/v1/payments/refund https://api.paypal.com/v1/payments/sale/.*/refund","access_token":"A21AAJejJ7EkCGAM6LKgjH1NWvAveBzW2Zhy6dS3-V9ZNSgMDRKfoB0odz3-F2k2JStSA8qtxmwbxKJHOLhvB0hPYqkvztMgA","token_type":"Bearer","app_id":"APP-80W284485P519543T","expires_in":32400,"nonce":"2021-01-23T18:11:14ZfR3IgmBA8xumTJG8_7SquOuqeFsVHD17exX6fk41etQ"}
2021-01-23 20:11:26,583       [7] DEBUG PayPal.Api.PayPalResource [(null)] Content-Type:application/json
2021-01-23 20:11:26,583       [7] DEBUG PayPal.Api.PayPalResource [(null)] User-Agent:PayPalSDK/PayPal-NET-SDK 1.9.1 (lang=DOTNET;v=4.5.1;clr=4.0.30319.42000;bit=64;os=Microsoft Windows NT 10.0.19042.0)
2021-01-23 20:11:26,584       [7] DEBUG PayPal.Api.PayPalResource [(null)] Authorization:Bearer A21AAJejJ7EkCGAM6LKgjH1NWvAveBzW2Zhy6dS3-V9ZNSgMDRKfoB0odz3-F2k2JStSA8qtxmwbxKJHOLhvB0hPYqkvztMgA
2021-01-23 20:11:26,584       [7] DEBUG PayPal.Api.PayPalResource [(null)] PayPal-Request-Id:ddff6e9f-4b29-442b-8dc1-407d2f764e14
2021-01-23 20:11:26,584       [7] DEBUG PayPal.Api.HttpConnection [(null)] {"intent":"sale","payer":{"payment_method":"paypal"},"transactions":[{"amount":{"currency":"USD","total":"10","details":{"subtotal":"8","shipping":"1","tax":"1"}},"description":"Transaction description","invoice_number":"8146","item_list":{"items":[{"sku":"sku","name":"Joker","quantity":"1","price":"8","currency":"USD"}]}}],"redirect_urls":{"return_url":"https://localhost:44326/Payment/PaymentWithPayPal?guid=16755","cancel_url":"https://localhost:44326/Payment/PaymentWithPayPal?guid=16755&Cancel=true"}}
2021-01-23 20:11:27,691       [7] DEBUG PayPal.Api.HttpConnection [(null)] Service response: 
2021-01-23 20:11:27,692       [7] DEBUG PayPal.Api.HttpConnection [(null)] {"id":"PAYID-MAGGNTY1R741421N65624926","intent":"sale","state":"created","payer":{"payment_method":"paypal"},"transactions":[{"amount":{"total":"10.00","currency":"USD","details":{"subtotal":"8.00","tax":"1.00","shipping":"1.00"}},"description":"Transaction description","invoice_number":"8146","item_list":{"items":[{"name":"Joker","sku":"sku","price":"8.00","currency":"USD","quantity":1}]},"related_resources":[]}],"create_time":"2021-01-23T18:11:27Z","links":[{"href":"https://api.sandbox.paypal.com/v1/payments/payment/PAYID-MAGGNTY1R741421N65624926","rel":"self","method":"GET"},{"href":"https://www.sandbox.paypal.com/cgi-bin/webscr?cmd=_express-checkout&token=EC-07C43761MK215513U","rel":"approval_url","method":"REDIRECT"},{"href":"https://api.sandbox.paypal.com/v1/payments/payment/PAYID-MAGGNTY1R741421N65624926/execute","rel":"execute","method":"POST"}]}
2021-01-23 20:12:30,087       [6] DEBUG PayPal.Api.PayPalResource [(null)] Content-Type:application/x-www-form-urlencoded
2021-01-23 20:12:30,088       [6] DEBUG PayPal.Api.PayPalResource [(null)] User-Agent:PayPalSDK/PayPal-NET-SDK 1.9.1 (lang=DOTNET;v=4.5.1;clr=4.0.30319.42000;bit=64;os=Microsoft Windows NT 10.0.19042.0)
2021-01-23 20:12:30,088       [6] DEBUG PayPal.Api.PayPalResource [(null)] Authorization:Basic QWNCMEdRWjRoazVGSEJ5YjExd1VrZ3dLQWtabzZKbnpZOTVjZXZCYVFDREJZdUxJVWhibmZNdi1CVF9WU3lXVWUwYjV2VktzczJIeC10X3E6RU1lQjh3dnhRUURzOFY4VWlhU3hzUkJGQm5jMDN3SnlRaTA0bTZVQmJWemk4X2l1Q0M3M2hnS3BnV2pTZFNXQnVXVjBRdW1CUWdtZnA5TW4=
2021-01-23 20:12:30,088       [6] DEBUG PayPal.Api.PayPalResource [(null)] PayPal-Request-Id:ed708f89-bffb-4869-9777-d2bc75eabbb4
2021-01-23 20:12:30,380       [6] DEBUG PayPal.Api.HttpConnection [(null)] grant_type=client_credentials
2021-01-23 20:12:31,330       [6] DEBUG PayPal.Api.HttpConnection [(null)] Service response: 
2021-01-23 20:12:31,330       [6] DEBUG PayPal.Api.HttpConnection [(null)] {"scope":"https://uri.paypal.com/services/invoicing https://uri.paypal.com/services/vault/payment-tokens/read https://uri.paypal.com/services/disputes/read-buyer https://uri.paypal.com/services/payments/realtimepayment https://uri.paypal.com/services/disputes/update-seller https://uri.paypal.com/services/paypalhere https://uri.paypal.com/services/payments/payment/authcapture openid https://uri.paypal.com/services/disputes/read-seller Braintree:Vault https://uri.paypal.com/services/payments/refund https://uri.paypal.com/services/identity/activities https://api.paypal.com/v1/vault/credit-card https://api.paypal.com/v1/payments/.* https://uri.paypal.com/payments/payouts https://uri.paypal.com/services/vault/payment-tokens/readwrite https://api.paypal.com/v1/vault/credit-card/.* https://uri.paypal.com/services/subscriptions https://uri.paypal.com/services/applications/webhooks https://api.paypal.com/v1/payments/refund https://api.paypal.com/v1/payments/sale/.*/refund","access_token":"A21AAJejJ7EkCGAM6LKgjH1NWvAveBzW2Zhy6dS3-V9ZNSgMDRKfoB0odz3-F2k2JStSA8qtxmwbxKJHOLhvB0hPYqkvztMgA","token_type":"Bearer","app_id":"APP-80W284485P519543T","expires_in":32323,"nonce":"2021-01-23T18:11:14ZfR3IgmBA8xumTJG8_7SquOuqeFsVHD17exX6fk41etQ"}
2021-01-23 20:12:35,817       [6] DEBUG PayPal.Api.PayPalResource [(null)] Content-Type:application/json
2021-01-23 20:12:35,818       [6] DEBUG PayPal.Api.PayPalResource [(null)] User-Agent:PayPalSDK/PayPal-NET-SDK 1.9.1 (lang=DOTNET;v=4.5.1;clr=4.0.30319.42000;bit=64;os=Microsoft Windows NT 10.0.19042.0)
2021-01-23 20:12:35,818       [6] DEBUG PayPal.Api.PayPalResource [(null)] Authorization:Bearer A21AAJejJ7EkCGAM6LKgjH1NWvAveBzW2Zhy6dS3-V9ZNSgMDRKfoB0odz3-F2k2JStSA8qtxmwbxKJHOLhvB0hPYqkvztMgA
2021-01-23 20:12:35,818       [6] DEBUG PayPal.Api.PayPalResource [(null)] PayPal-Request-Id:5b86e564-bc43-48dd-86fd-c971330c7d58
2021-01-23 20:12:35,819       [6] DEBUG PayPal.Api.HttpConnection [(null)] {"payer_id":"BJ9ECKY28Q6SW"}
2021-01-23 20:12:38,562       [6] DEBUG PayPal.Api.HttpConnection [(null)] Service response: 
2021-01-23 20:12:38,562       [6] DEBUG PayPal.Api.HttpConnection [(null)] {"id":"PAYID-MAGGNTY1R741421N65624926","intent":"sale","state":"approved","cart":"07C43761MK215513U","payer":{"payment_method":"paypal","status":"VERIFIED","payer_info":{"email":"sb-ptsdr4843541@personal.example.com","first_name":"John","last_name":"Doe","payer_id":"BJ9ECKY28Q6SW","shipping_address":{"recipient_name":"John Doe","line1":"\\u05D9\\u05E9\\u05E8\\u05D0\\u05DC\\u05D9\\u05E1 5 \\u05D3\\u05D9\\u05E8\\u05D4 4","city":"\\u05EA\\u05DC-\\u05D0\\u05D1\\u05D9\\u05D1","state":"IL_zip = 61014","postal_code":"61014","country_code":"IL"},"country_code":"IL"}},"transactions":[{"amount":{"total":"10.00","currency":"USD","details":{"subtotal":"8.00","tax":"1.00","shipping":"1.00","insurance":"0.00","handling_fee":"0.00","shipping_discount":"0.00","discount":"0.00"}},"payee":{"merchant_id":"TYDHPATJXM7FW","email":"sb-u5cqp4618711@business.example.com"},"description":"Transaction description","invoice_number":"8146","item_list":{"items":[{"name":"Joker","sku":"sku","price":"8.00","currency":"USD","tax":"0.00","quantity":1}],"shipping_address":{"recipient_name":"John Doe","line1":"\\u05D9\\u05E9\\u05E8\\u05D0\\u05DC\\u05D9\\u05E1 5 \\u05D3\\u05D9\\u05E8\\u05D4 4","city":"\\u05EA\\u05DC-\\u05D0\\u05D1\\u05D9\\u05D1","state":"IL_zip = 61014","postal_code":"61014","country_code":"IL"}},"related_resources":[{"sale":{"id":"4VE9410403219591B","state":"completed","amount":{"total":"10.00","currency":"USD","details":{"subtotal":"8.00","tax":"1.00","shipping":"1.00","insurance":"0.00","handling_fee":"0.00","shipping_discount":"0.00","discount":"0.00"}},"payment_mode":"INSTANT_TRANSFER","protection_eligibility":"ELIGIBLE","protection_eligibility_type":"ITEM_NOT_RECEIVED_ELIGIBLE,UNAUTHORIZED_PAYMENT_ELIGIBLE","transaction_fee":{"value":"0.64","currency":"USD"},"receivable_amount":{"value":"10.00","currency":"USD"},"exchange_rate":"0.266575529733424","parent_payment":"PAYID-MAGGNTY1R741421N65624926","create_time":"2021-01-23T18:12:37Z","update_time":"2021-01-23T18:12:37Z","links":[{"href":"https://api.sandbox.paypal.com/v1/payments/sale/4VE9410403219591B","rel":"self","method":"GET"},{"href":"https://api.sandbox.paypal.com/v1/payments/sale/4VE9410403219591B/refund","rel":"refund","method":"POST"},{"href":"https://api.sandbox.paypal.com/v1/payments/payment/PAYID-MAGGNTY1R741421N65624926","rel":"parent_payment","method":"GET"}]}}]}],"failed_transactions":[],"create_time":"2021-01-23T18:11:27Z","update_time":"2021-01-23T18:12:37Z","links":[{"href":"https://api.sandbox.paypal.com/v1/payments/payment/PAYID-MAGGNTY1R741421N65624926","rel":"self","method":"GET"}]}
2021-01-23 21:57:11,796       [6] DEBUG PayPal.Api.PayPalResource [(null)] Content-Type:application/x-www-form-urlencoded
2021-01-23 21:57:11,828       [6] DEBUG PayPal.Api.PayPalResource [(null)] User-Agent:PayPalSDK/PayPal-NET-SDK 1.9.1 (lang=DOTNET;v=4.5.1;clr=4.0.30319.42000;bit=64;os=Microsoft Windows NT 10.0.19042.0)
2021-01-23 21:57:11,828       [6] DEBUG PayPal.Api.PayPalResource [(null)] Authorization:Basic QWNCMEdRWjRoazVGSEJ5YjExd1VrZ3dLQWtabzZKbnpZOTVjZXZCYVFDREJZdUxJVWhibmZNdi1CVF9WU3lXVWUwYjV2VktzczJIeC10X3E6RU1lQjh3dnhRUURzOFY4VWlhU3hzUkJGQm5jMDN3SnlRaTA0bTZVQmJWemk4X2l1Q0M3M2hnS3BnV2pTZFNXQnVXVjBRdW1CUWdtZnA5TW4=
2021-01-23 21:57:11,828       [6] DEBUG PayPal.Api.PayPalResource [(null)] PayPal-Request-Id:17497c89-a144-4774-ae27-9f829aeda272
2021-01-23 21:57:12,149       [6] DEBUG PayPal.Api.HttpConnection [(null)] grant_type=client_credentials
2021-01-23 21:57:13,176       [6] DEBUG PayPal.Api.HttpConnection [(null)] Service response: 
2021-01-23 21:57:13,176       [6] DEBUG PayPal.Api.HttpConnection [(null)] {"scope":"https://uri.paypal.com/services/invoicing https://uri.paypal.com/services/vault/payment-tokens/read https://uri.paypal.com/services/disputes/read-buyer https://uri.paypal.com/services/payments/realtimepayment https://uri.paypal.com/services/disputes/update-seller https://uri.paypal.com/services/paypalhere https://uri.paypal.com/services/payments/payment/authcapture openid https://uri.paypal.com/services/disputes/read-seller Braintree:Vault https://uri.paypal.com/services/payments/refund https://uri.paypal.com/services/identity/activities https://api.paypal.com/v1/vault/credit-card https://api.paypal.com/v1/payments/.* https://uri.paypal.com/payments/payouts https://uri.paypal.com/services/vault/payment-tokens/readwrite https://api.paypal.com/v1/vault/credit-card/.* https://uri.paypal.com/services/subscriptions https://uri.paypal.com/services/applications/webhooks https://api.paypal.com/v1/payments/refund https://api.paypal.com/v1/payments/sale/.*/refund","access_token":"A21AAJxsMnUmpJJiDV7vGmJhU_lUG_H2bWDn650RQlReFdu2x7pC39urbyJLlKpcI1LhIKUG2E0qA7dDsTN5BUj_AnugxJyVg","token_type":"Bearer","app_id":"APP-80W284485P519543T","expires_in":32400,"nonce":"2021-01-23T19:57:13ZYK2n-7lcrByjpbNGIRIY9zuLZdkpUF3bo19X26mA4WI"}
2021-01-23 21:57:37,522       [6] DEBUG PayPal.Api.PayPalResource [(null)] Content-Type:application/json
2021-01-23 21:57:37,522       [6] DEBUG PayPal.Api.PayPalResource [(null)] User-Agent:PayPalSDK/PayPal-NET-SDK 1.9.1 (lang=DOTNET;v=4.5.1;clr=4.0.30319.42000;bit=64;os=Microsoft Windows NT 10.0.19042.0)
2021-01-23 21:57:37,523       [6] DEBUG PayPal.Api.PayPalResource [(null)] Authorization:Bearer A21AAJxsMnUmpJJiDV7vGmJhU_lUG_H2bWDn650RQlReFdu2x7pC39urbyJLlKpcI1LhIKUG2E0qA7dDsTN5BUj_AnugxJyVg
2021-01-23 21:57:37,523       [6] DEBUG PayPal.Api.PayPalResource [(null)] PayPal-Request-Id:aa3501bd-9f4a-4feb-a74a-f39cffa9df12
2021-01-23 21:57:37,523       [6] DEBUG PayPal.Api.HttpConnection [(null)] {"intent":"sale","payer":{"payment_method":"paypal"},"transactions":[{"amount":{"currency":"USD","total":"16","details":{"subtotal":"14","shipping":"1","tax":"1"}},"description":"Transaction description","invoice_number":"84537","item_list":{"items":[{"sku":"sku","name":"Batman","quantity":"1","price":"14","currency":"USD"}]}}],"redirect_urls":{"return_url":"https://localhost:44326/Payment/PaymentWithPayPal?guid=45500","cancel_url":"https://localhost:44326/Payment/PaymentWithPayPal?guid=45500&Cancel=true"}}
2021-01-23 21:57:39,109       [6] DEBUG PayPal.Api.HttpConnection [(null)] Service response: 
2021-01-23 21:57:39,109       [6] DEBUG PayPal.Api.HttpConnection [(null)] {"id":"PAYID-MAGH7MQ26W11012616933739","intent":"sale","state":"created","payer":{"payment_method":"paypal"},"transactions":[{"amount":{"total":"16.00","currency":"USD","details":{"subtotal":"14.00","tax":"1.00","shipping":"1.00"}},"description":"Transaction description","invoice_number":"84537","item_list":{"items":[{"name":"Batman","sku":"sku","price":"14.00","currency":"USD","quantity":1}]},"related_resources":[]}],"create_time":"2021-01-23T19:57:37Z","links":[{"href":"https://api.sandbox.paypal.com/v1/payments/payment/PAYID-MAGH7MQ26W11012616933739","rel":"self","method":"GET"},{"href":"https://www.sandbox.paypal.com/cgi-bin/webscr?cmd=_express-checkout&token=EC-5H2090899D660215E","rel":"approval_url","method":"REDIRECT"},{"href":"https://api.sandbox.paypal.com/v1/payments/payment/PAYID-MAGH7MQ26W11012616933739/execute","rel":"execute","method":"POST"}]}
2021-01-23 22:23:56,364       [6] DEBUG PayPal.Api.PayPalResource [(null)] Content-Type:application/x-www-form-urlencoded
2021-01-23 22:23:56,394       [6] DEBUG PayPal.Api.PayPalResource [(null)] User-Agent:PayPalSDK/PayPal-NET-SDK 1.9.1 (lang=DOTNET;v=4.5.1;clr=4.0.30319.42000;bit=64;os=Microsoft Windows NT 10.0.19042.0)
2021-01-23 22:23:56,394       [6] DEBUG PayPal.Api.PayPalResource [(null)] Authorization:Basic QWNCMEdRWjRoazVGSEJ5YjExd1VrZ3dLQWtabzZKbnpZOTVjZXZCYVFDREJZdUxJVWhibmZNdi1CVF9WU3lXVWUwYjV2VktzczJIeC10X3E6RU1lQjh3dnhRUURzOFY4VWlhU3hzUkJGQm5jMDN3SnlRaTA0bTZVQmJWemk4X2l1Q0M3M2hnS3BnV2pTZFNXQnVXVjBRdW1CUWdtZnA5TW4=
2021-01-23 22:23:56,395       [6] DEBUG PayPal.Api.PayPalResource [(null)] PayPal-Request-Id:a6462d15-9121-4e31-9f0e-45a7f9042a91
2021-01-23 22:23:56,869       [6] DEBUG PayPal.Api.HttpConnection [(null)] grant_type=client_credentials
2021-01-23 22:23:58,050       [6] DEBUG PayPal.Api.HttpConnection [(null)] Service response: 
2021-01-23 22:23:58,051       [6] DEBUG PayPal.Api.HttpConnection [(null)] {"scope":"https://uri.paypal.com/services/invoicing https://uri.paypal.com/services/vault/payment-tokens/read https://uri.paypal.com/services/disputes/read-buyer https://uri.paypal.com/services/payments/realtimepayment https://uri.paypal.com/services/disputes/update-seller https://uri.paypal.com/services/paypalhere https://uri.paypal.com/services/payments/payment/authcapture openid https://uri.paypal.com/services/disputes/read-seller Braintree:Vault https://uri.paypal.com/services/payments/refund https://uri.paypal.com/services/identity/activities https://api.paypal.com/v1/vault/credit-card https://api.paypal.com/v1/payments/.* https://uri.paypal.com/payments/payouts https://uri.paypal.com/services/vault/payment-tokens/readwrite https://api.paypal.com/v1/vault/credit-card/.* https://uri.paypal.com/services/subscriptions https://uri.paypal.com/services/applications/webhooks https://api.paypal.com/v1/payments/refund https://api.paypal.com/v1/payments/sale/.*/refund","access_token":"A21AAJ2ARXsnv3YEwMeauzv71L46Ga36RQ-rA8zDkqLGD0LOoEzLSVGUlaWtU991jLDw2Rhor9CxgTGnvLerUw67POys5LRAw","token_type":"Bearer","app_id":"APP-80W284485P519543T","expires_in":32400,"nonce":"2021-01-23T20:23:57Z1kVyZH3udhCpSyCe6zj_Z6F15gM3KWZeos5X-L2XcIk"}
2021-01-23 22:26:31,643       [6] DEBUG PayPal.Api.PayPalResource [(null)] Content-Type:application/x-www-form-urlencoded
2021-01-23 22:26:31,667       [6] DEBUG PayPal.Api.PayPalResource [(null)] User-Agent:PayPalSDK/PayPal-NET-SDK 1.9.1 (lang=DOTNET;v=4.5.1;clr=4.0.30319.42000;bit=64;os=Microsoft Windows NT 10.0.19042.0)
2021-01-23 22:26:31,667       [6] DEBUG PayPal.Api.PayPalResource [(null)] Authorization:Basic QWNCMEdRWjRoazVGSEJ5YjExd1VrZ3dLQWtabzZKbnpZOTVjZXZCYVFDREJZdUxJVWhibmZNdi1CVF9WU3lXVWUwYjV2VktzczJIeC10X3E6RU1lQjh3dnhRUURzOFY4VWlhU3hzUkJGQm5jMDN3SnlRaTA0bTZVQmJWemk4X2l1Q0M3M2hnS3BnV2pTZFNXQnVXVjBRdW1CUWdtZnA5TW4=
2021-01-23 22:26:31,667       [6] DEBUG PayPal.Api.PayPalResource [(null)] PayPal-Request-Id:a04403fa-92c4-4db3-a730-f8520df658e5
2021-01-23 22:26:32,031       [6] DEBUG PayPal.Api.HttpConnection [(null)] grant_type=client_credentials
2021-01-23 22:26:32,951       [6] DEBUG PayPal.Api.HttpConnection [(null)] Service response: 
2021-01-23 22:26:32,951       [6] DEBUG PayPal.Api.HttpConnection [(null)] {"scope":"https://uri.paypal.com/services/invoicing https://uri.paypal.com/services/vault/payment-tokens/read https://uri.paypal.com/services/disputes/read-buyer https://uri.paypal.com/services/payments/realtimepayment https://uri.paypal.com/services/disputes/update-seller https://uri.paypal.com/services/paypalhere https://uri.paypal.com/services/payments/payment/authcapture openid https://uri.paypal.com/services/disputes/read-seller Braintree:Vault https://uri.paypal.com/services/payments/refund https://uri.paypal.com/services/identity/activities https://api.paypal.com/v1/vault/credit-card https://api.paypal.com/v1/payments/.* https://uri.paypal.com/payments/payouts https://uri.paypal.com/services/vault/payment-tokens/readwrite https://api.paypal.com/v1/vault/credit-card/.* https://uri.paypal.com/services/subscriptions https://uri.paypal.com/services/applications/webhooks https://api.paypal.com/v1/payments/refund https://api.paypal.com/v1/payments/sale/.*/refund","access_token":"A21AAJ2ARXsnv3YEwMeauzv71L46Ga36RQ-rA8zDkqLGD0LOoEzLSVGUlaWtU991jLDw2Rhor9CxgTGnvLerUw67POys5LRAw","token_type":"Bearer","app_id":"APP-80W284485P519543T","expires_in":32245,"nonce":"2021-01-23T20:23:57Z1kVyZH3udhCpSyCe6zj_Z6F15gM3KWZeos5X-L2XcIk"}
2021-01-23 22:26:33,249       [6] DEBUG PayPal.Api.PayPalResource [(null)] Content-Type:application/json
2021-01-23 22:26:33,249       [6] DEBUG PayPal.Api.PayPalResource [(null)] User-Agent:PayPalSDK/PayPal-NET-SDK 1.9.1 (lang=DOTNET;v=4.5.1;clr=4.0.30319.42000;bit=64;os=Microsoft Windows NT 10.0.19042.0)
2021-01-23 22:26:33,249       [6] DEBUG PayPal.Api.PayPalResource [(null)] Authorization:Bearer A21AAJ2ARXsnv3YEwMeauzv71L46Ga36RQ-rA8zDkqLGD0LOoEzLSVGUlaWtU991jLDw2Rhor9CxgTGnvLerUw67POys5LRAw
2021-01-23 22:26:33,249       [6] DEBUG PayPal.Api.PayPalResource [(null)] PayPal-Request-Id:1b9f94dc-5673-4888-bbba-480d2052c055
2021-01-23 22:26:33,249       [6] DEBUG PayPal.Api.HttpConnection [(null)] {"intent":"sale","payer":{"payment_method":"paypal"},"transactions":[{"amount":{"currency":"USD","total":"16","details":{"subtotal":"14","shipping":"1","tax":"1"}},"description":"Transaction description","invoice_number":"38929","item_list":{"items":[{"sku":"sku","name":"Batman","quantity":"1","price":"14","currency":"USD"}]}}],"redirect_urls":{"return_url":"https://localhost:44326/Payment/PaymentWithPayPal?guid=38929","cancel_url":"https://localhost:44326/Payment/PaymentWithPayPal?guid=38929&Cancel=true"}}
2021-01-23 22:26:34,309       [6] DEBUG PayPal.Api.HttpConnection [(null)] Service response: 
2021-01-23 22:26:34,310       [6] DEBUG PayPal.Api.HttpConnection [(null)] {"id":"PAYID-MAGIM6Q72B808695R104953T","intent":"sale","state":"created","payer":{"payment_method":"paypal"},"transactions":[{"amount":{"total":"16.00","currency":"USD","details":{"subtotal":"14.00","tax":"1.00","shipping":"1.00"}},"description":"Transaction description","invoice_number":"38929","item_list":{"items":[{"name":"Batman","sku":"sku","price":"14.00","currency":"USD","quantity":1}]},"related_resources":[]}],"create_time":"2021-01-23T20:26:33Z","links":[{"href":"https://api.sandbox.paypal.com/v1/payments/payment/PAYID-MAGIM6Q72B808695R104953T","rel":"self","method":"GET"},{"href":"https://www.sandbox.paypal.com/cgi-bin/webscr?cmd=_express-checkout&token=EC-54B58286FR5150352","rel":"approval_url","method":"REDIRECT"},{"href":"https://api.sandbox.paypal.com/v1/payments/payment/PAYID-MAGIM6Q72B808695R104953T/execute","rel":"execute","method":"POST"}]}
2021-01-23 22:27:16,496       [6] DEBUG PayPal.Api.PayPalResource [(null)] Content-Type:application/x-www-form-urlencoded
2021-01-23 22:27:16,496       [6] DEBUG PayPal.Api.PayPalResource [(null)] User-Agent:PayPalSDK/PayPal-NET-SDK 1.9.1 (lang=DOTNET;v=4.5.1;clr=4.0.30319.42000;bit=64;os=Microsoft Windows NT 10.0.19042.0)
2021-01-23 22:27:16,496       [6] DEBUG PayPal.Api.PayPalResource [(null)] Authorization:Basic QWNCMEdRWjRoazVGSEJ5YjExd1VrZ3dLQWtabzZKbnpZOTVjZXZCYVFDREJZdUxJVWhibmZNdi1CVF9WU3lXVWUwYjV2VktzczJIeC10X3E6RU1lQjh3dnhRUURzOFY4VWlhU3hzUkJGQm5jMDN3SnlRaTA0bTZVQmJWemk4X2l1Q0M3M2hnS3BnV2pTZFNXQnVXVjBRdW1CUWdtZnA5TW4=
2021-01-23 22:27:16,496       [6] DEBUG PayPal.Api.PayPalResource [(null)] PayPal-Request-Id:51eb41b0-eece-45e2-b7a0-5725c62ecaab
2021-01-23 22:27:16,496       [6] DEBUG PayPal.Api.HttpConnection [(null)] grant_type=client_credentials
2021-01-23 22:27:17,002       [6] DEBUG PayPal.Api.HttpConnection [(null)] Service response: 
2021-01-23 22:27:17,002       [6] DEBUG PayPal.Api.HttpConnection [(null)] {"scope":"https://uri.paypal.com/services/invoicing https://uri.paypal.com/services/vault/payment-tokens/read https://uri.paypal.com/services/disputes/read-buyer https://uri.paypal.com/services/payments/realtimepayment https://uri.paypal.com/services/disputes/update-seller https://uri.paypal.com/services/paypalhere https://uri.paypal.com/services/payments/payment/authcapture openid https://uri.paypal.com/services/disputes/read-seller Braintree:Vault https://uri.paypal.com/services/payments/refund https://uri.paypal.com/services/identity/activities https://api.paypal.com/v1/vault/credit-card https://api.paypal.com/v1/payments/.* https://uri.paypal.com/payments/payouts https://uri.paypal.com/services/vault/payment-tokens/readwrite https://api.paypal.com/v1/vault/credit-card/.* https://uri.paypal.com/services/subscriptions https://uri.paypal.com/services/applications/webhooks https://api.paypal.com/v1/payments/refund https://api.paypal.com/v1/payments/sale/.*/refund","access_token":"A21AAJ2ARXsnv3YEwMeauzv71L46Ga36RQ-rA8zDkqLGD0LOoEzLSVGUlaWtU991jLDw2Rhor9CxgTGnvLerUw67POys5LRAw","token_type":"Bearer","app_id":"APP-80W284485P519543T","expires_in":32201,"nonce":"2021-01-23T20:23:57Z1kVyZH3udhCpSyCe6zj_Z6F15gM3KWZeos5X-L2XcIk"}
2021-01-23 22:27:17,006       [6] DEBUG PayPal.Api.PayPalResource [(null)] Content-Type:application/json
2021-01-23 22:27:17,007       [6] DEBUG PayPal.Api.PayPalResource [(null)] User-Agent:PayPalSDK/PayPal-NET-SDK 1.9.1 (lang=DOTNET;v=4.5.1;clr=4.0.30319.42000;bit=64;os=Microsoft Windows NT 10.0.19042.0)
2021-01-23 22:27:17,007       [6] DEBUG PayPal.Api.PayPalResource [(null)] Authorization:Bearer A21AAJ2ARXsnv3YEwMeauzv71L46Ga36RQ-rA8zDkqLGD0LOoEzLSVGUlaWtU991jLDw2Rhor9CxgTGnvLerUw67POys5LRAw
2021-01-23 22:27:17,007       [6] DEBUG PayPal.Api.PayPalResource [(null)] PayPal-Request-Id:39a244f4-170b-4b54-8833-1561010cd703
2021-01-23 22:27:17,007       [6] DEBUG PayPal.Api.HttpConnection [(null)] {"payer_id":"BJ9ECKY28Q6SW"}
2021-01-23 22:27:19,215       [6] DEBUG PayPal.Api.HttpConnection [(null)] Service response: 
2021-01-23 22:27:19,215       [6] DEBUG PayPal.Api.HttpConnection [(null)] {"id":"PAYID-MAGIM6Q72B808695R104953T","intent":"sale","state":"approved","cart":"54B58286FR5150352","payer":{"payment_method":"paypal","status":"VERIFIED","payer_info":{"email":"sb-ptsdr4843541@personal.example.com","first_name":"John","last_name":"Doe","payer_id":"BJ9ECKY28Q6SW","shipping_address":{"recipient_name":"John Doe","line1":"\\u05D9\\u05E9\\u05E8\\u05D0\\u05DC\\u05D9\\u05E1 5 \\u05D3\\u05D9\\u05E8\\u05D4 4","city":"\\u05EA\\u05DC-\\u05D0\\u05D1\\u05D9\\u05D1","state":"IL_zip = 61014","postal_code":"61014","country_code":"IL"},"country_code":"IL"}},"transactions":[{"amount":{"total":"16.00","currency":"USD","details":{"subtotal":"14.00","tax":"1.00","shipping":"1.00","insurance":"0.00","handling_fee":"0.00","shipping_discount":"0.00","discount":"0.00"}},"payee":{"merchant_id":"TYDHPATJXM7FW","email":"sb-u5cqp4618711@business.example.com"},"description":"Transaction description","invoice_number":"38929","item_list":{"items":[{"name":"Batman","sku":"sku","price":"14.00","currency":"USD","tax":"0.00","quantity":1}],"shipping_address":{"recipient_name":"John Doe","line1":"\\u05D9\\u05E9\\u05E8\\u05D0\\u05DC\\u05D9\\u05E1 5 \\u05D3\\u05D9\\u05E8\\u05D4 4","city":"\\u05EA\\u05DC-\\u05D0\\u05D1\\u05D9\\u05D1","state":"IL_zip = 61014","postal_code":"61014","country_code":"IL"}},"related_resources":[{"sale":{"id":"9LA86138R5772951C","state":"completed","amount":{"total":"16.00","currency":"USD","details":{"subtotal":"14.00","tax":"1.00","shipping":"1.00","insurance":"0.00","handling_fee":"0.00","shipping_discount":"0.00","discount":"0.00"}},"payment_mode":"INSTANT_TRANSFER","protection_eligibility":"ELIGIBLE","protection_eligibility_type":"ITEM_NOT_RECEIVED_ELIGIBLE,UNAUTHORIZED_PAYMENT_ELIGIBLE","transaction_fee":{"value":"0.84","currency":"USD"},"receivable_amount":{"value":"16.00","currency":"USD"},"exchange_rate":"0.266575529733424","parent_payment":"PAYID-MAGIM6Q72B808695R104953T","create_time":"2021-01-23T20:27:18Z","update_time":"2021-01-23T20:27:18Z","links":[{"href":"https://api.sandbox.paypal.com/v1/payments/sale/9LA86138R5772951C","rel":"self","method":"GET"},{"href":"https://api.sandbox.paypal.com/v1/payments/sale/9LA86138R5772951C/refund","rel":"refund","method":"POST"},{"href":"https://api.sandbox.paypal.com/v1/payments/payment/PAYID-MAGIM6Q72B808695R104953T","rel":"parent_payment","method":"GET"}]}}]}],"failed_transactions":[],"create_time":"2021-01-23T20:26:33Z","update_time":"2021-01-23T20:27:18Z","links":[{"href":"https://api.sandbox.paypal.com/v1/payments/payment/PAYID-MAGIM6Q72B808695R104953T","rel":"self","method":"GET"}]}
2021-01-23 22:31:03,226       [6] DEBUG PayPal.Api.PayPalResource [(null)] Content-Type:application/x-www-form-urlencoded
2021-01-23 22:31:03,250       [6] DEBUG PayPal.Api.PayPalResource [(null)] User-Agent:PayPalSDK/PayPal-NET-SDK 1.9.1 (lang=DOTNET;v=4.5.1;clr=4.0.30319.42000;bit=64;os=Microsoft Windows NT 10.0.19042.0)
2021-01-23 22:31:03,250       [6] DEBUG PayPal.Api.PayPalResource [(null)] Authorization:Basic QWNCMEdRWjRoazVGSEJ5YjExd1VrZ3dLQWtabzZKbnpZOTVjZXZCYVFDREJZdUxJVWhibmZNdi1CVF9WU3lXVWUwYjV2VktzczJIeC10X3E6RU1lQjh3dnhRUURzOFY4VWlhU3hzUkJGQm5jMDN3SnlRaTA0bTZVQmJWemk4X2l1Q0M3M2hnS3BnV2pTZFNXQnVXVjBRdW1CUWdtZnA5TW4=
2021-01-23 22:31:03,250       [6] DEBUG PayPal.Api.PayPalResource [(null)] PayPal-Request-Id:d0568c48-3310-4b41-a0ab-5490efa4bb0e
2021-01-23 22:31:03,659       [6] DEBUG PayPal.Api.HttpConnection [(null)] grant_type=client_credentials
2021-01-23 22:31:04,582       [6] DEBUG PayPal.Api.HttpConnection [(null)] Service response: 
2021-01-23 22:31:04,583       [6] DEBUG PayPal.Api.HttpConnection [(null)] {"scope":"https://uri.paypal.com/services/invoicing https://uri.paypal.com/services/vault/payment-tokens/read https://uri.paypal.com/services/disputes/read-buyer https://uri.paypal.com/services/payments/realtimepayment https://uri.paypal.com/services/disputes/update-seller https://uri.paypal.com/services/paypalhere https://uri.paypal.com/services/payments/payment/authcapture openid https://uri.paypal.com/services/disputes/read-seller Braintree:Vault https://uri.paypal.com/services/payments/refund https://uri.paypal.com/services/identity/activities https://api.paypal.com/v1/vault/credit-card https://api.paypal.com/v1/payments/.* https://uri.paypal.com/payments/payouts https://uri.paypal.com/services/vault/payment-tokens/readwrite https://api.paypal.com/v1/vault/credit-card/.* https://uri.paypal.com/services/subscriptions https://uri.paypal.com/services/applications/webhooks https://api.paypal.com/v1/payments/refund https://api.paypal.com/v1/payments/sale/.*/refund","access_token":"A21AAJ2ARXsnv3YEwMeauzv71L46Ga36RQ-rA8zDkqLGD0LOoEzLSVGUlaWtU991jLDw2Rhor9CxgTGnvLerUw67POys5LRAw","token_type":"Bearer","app_id":"APP-80W284485P519543T","expires_in":31973,"nonce":"2021-01-23T20:23:57Z1kVyZH3udhCpSyCe6zj_Z6F15gM3KWZeos5X-L2XcIk"}
2021-01-23 22:31:04,843       [6] DEBUG PayPal.Api.PayPalResource [(null)] Content-Type:application/json
2021-01-23 22:31:04,843       [6] DEBUG PayPal.Api.PayPalResource [(null)] User-Agent:PayPalSDK/PayPal-NET-SDK 1.9.1 (lang=DOTNET;v=4.5.1;clr=4.0.30319.42000;bit=64;os=Microsoft Windows NT 10.0.19042.0)
2021-01-23 22:31:04,843       [6] DEBUG PayPal.Api.PayPalResource [(null)] Authorization:Bearer A21AAJ2ARXsnv3YEwMeauzv71L46Ga36RQ-rA8zDkqLGD0LOoEzLSVGUlaWtU991jLDw2Rhor9CxgTGnvLerUw67POys5LRAw
2021-01-23 22:31:04,844       [6] DEBUG PayPal.Api.PayPalResource [(null)] PayPal-Request-Id:11468180-a198-4cc6-950a-e4cde094b6db
2021-01-23 22:31:04,844       [6] DEBUG PayPal.Api.HttpConnection [(null)] {"intent":"sale","payer":{"payment_method":"paypal"},"transactions":[{"amount":{"currency":"USD","total":"16","details":{"subtotal":"14","shipping":"1","tax":"1"}},"description":"Transaction description","invoice_number":"80645","item_list":{"items":[{"sku":"sku","name":"Batman","quantity":"1","price":"14","currency":"USD"}]}}],"redirect_urls":{"return_url":"https://localhost:44326/Payment/PaymentWithPayPal?guid=80645","cancel_url":"https://localhost:44326/Payment/PaymentWithPayPal?guid=80645&Cancel=true"}}
2021-01-23 22:31:06,054       [6] DEBUG PayPal.Api.HttpConnection [(null)] Service response: 
2021-01-23 22:31:06,054       [6] DEBUG PayPal.Api.HttpConnection [(null)] {"id":"PAYID-MAGIPCI8D4888376B726452R","intent":"sale","state":"created","payer":{"payment_method":"paypal"},"transactions":[{"amount":{"total":"16.00","currency":"USD","details":{"subtotal":"14.00","tax":"1.00","shipping":"1.00"}},"description":"Transaction description","invoice_number":"80645","item_list":{"items":[{"name":"Batman","sku":"sku","price":"14.00","currency":"USD","quantity":1}]},"related_resources":[]}],"create_time":"2021-01-23T20:31:05Z","links":[{"href":"https://api.sandbox.paypal.com/v1/payments/payment/PAYID-MAGIPCI8D4888376B726452R","rel":"self","method":"GET"},{"href":"https://www.sandbox.paypal.com/cgi-bin/webscr?cmd=_express-checkout&token=EC-09H65044CT0450718","rel":"approval_url","method":"REDIRECT"},{"href":"https://api.sandbox.paypal.com/v1/payments/payment/PAYID-MAGIPCI8D4888376B726452R/execute","rel":"execute","method":"POST"}]}
